This file contains any messages produced by compilers while
running configure, to aid debugging if configure makes a mistake.

It was created by PROJ.4 Projections configure 4.8.0, which was
generated by GNU Autoconf 2.68.  Invocation command line was

  $ ./configure --prefix=/Users/venkata/whard22/proj4/x86_64 --enable-shared=no --enable-static=yes --host=x86_64-apple-darwin

## --------- ##
## Platform. ##
## --------- ##

hostname = venkatas-Mac-mini.local
uname -m = x86_64
uname -r = 16.5.0
uname -s = Darwin
uname -v = Darwin Kernel Version 16.5.0: Fri Mar  3 16:52:33 PST 2017; root:xnu-3789.51.2~3/RELEASE_X86_64

/usr/bin/uname -p = i386
/bin/uname -X     = unknown

/bin/arch              = unknown
/usr/bin/arch -k       = unknown
/usr/convex/getsysinfo = unknown
/usr/bin/hostinfo      = Mach kernel version:
	 Darwin Kernel Version 16.5.0: Fri Mar  3 16:52:33 PST 2017; root:xnu-3789.51.2~3/RELEASE_X86_64
Kernel configured for up to 4 processors.
2 processors are physically available.
4 processors are logically available.
Processor type: x86_64h (Intel x86-64h Haswell)
Processors active: 0 1 2 3
Primary memory available: 8.00 gigabytes
Default processor set: 292 tasks, 1170 threads, 4 processors
Load average: 2.34, Mach factor: 2.06
/bin/machine           = unknown
/usr/bin/oslevel       = unknown
/bin/universe          = unknown

PATH: /Users/venkata/Library/Android/sdk/platform-tools
PATH: /Users/venkata/Library/Android/sdk/tools
PATH: /usr/local/bin
PATH: /usr/bin
PATH: /bin
PATH: /usr/sbin
PATH: /sbin


## ----------- ##
## Core tests. ##
## ----------- ##

configure:2241: checking for a BSD-compatible install
configure:2309: result: /usr/bin/install -c
configure:2320: checking whether build environment is sane
configure:2370: result: yes
configure:2419: checking for x86_64-apple-darwin-strip
configure:2449: result: no
configure:2459: checking for strip
configure:2475: found /usr/bin/strip
configure:2486: result: strip
configure:2511: checking for a thread-safe mkdir -p
configure:2550: result: ./install-sh -c -d
configure:2563: checking for gawk
configure:2593: result: no
configure:2563: checking for mawk
configure:2593: result: no
configure:2563: checking for nawk
configure:2593: result: no
configure:2563: checking for awk
configure:2579: found /usr/bin/awk
configure:2590: result: awk
configure:2601: checking whether make sets $(MAKE)
configure:2623: result: yes
configure:2704: checking whether to enable maintainer-specific portions of Makefiles
configure:2713: result: no
configure:2737: checking for x86_64-apple-darwin-gcc
configure:2764: result: /Applications/Xcode.app/Contents/Developer/usr/bin/gcc
configure:3033: checking for C compiler version
configure:3042: /Applications/Xcode.app/Contents/Developer/usr/bin/gcc --version >&5
Apple LLVM version 8.1.0 (clang-802.0.42)
Target: x86_64-apple-darwin16.5.0
Thread model: posix
InstalledDir: /Applications/Xcode.app/Contents/Developer/Toolchains/XcodeDefault.xctoolchain/usr/bin
Configured with: --prefix=/Applications/Xcode.app/Contents/Developer/usr --with-gxx-include-dir=/usr/include/c++/4.2.1
configure:3053: $? = 0
configure:3042: /Applications/Xcode.app/Contents/Developer/usr/bin/gcc -v >&5
Configured with: --prefix=/Applications/Xcode.app/Contents/Developer/usr --with-gxx-include-dir=/usr/include/c++/4.2.1
Apple LLVM version 8.1.0 (clang-802.0.42)
Target: x86_64-apple-darwin16.5.0
Thread model: posix
InstalledDir: /Applications/Xcode.app/Contents/Developer/Toolchains/XcodeDefault.xctoolchain/usr/bin
configure:3053: $? = 0
configure:3042: /Applications/Xcode.app/Contents/Developer/usr/bin/gcc -V >&5
clang: error: argument to '-V' is missing (expected 1 value)
clang: error: no input files
configure:3053: $? = 1
configure:3042: /Applications/Xcode.app/Contents/Developer/usr/bin/gcc -qversion >&5
clang: error: unknown argument: '-qversion'
clang: error: no input files
configure:3053: $? = 1
configure:3073: checking whether the C compiler works
configure:3095: /Applications/Xcode.app/Contents/Developer/usr/bin/gcc -Wno-error=implicit-function-declaration -arch x86_64 -pipe -Os -gdwarf-2 -isysroot /Applications/Xcode.app/Contents/Developer/Platforms/iPhoneSimulator.platform/Developer/SDKs/iPhoneSimulator10.3.sdk   -arch x86_64 -isysroot /Applications/Xcode.app/Contents/Developer/Platforms/iPhoneSimulator.platform/Developer/SDKs/iPhoneSimulator10.3.sdk conftest.c  >&5
configure:3099: $? = 0
configure:3147: result: yes
configure:3150: checking for C compiler default output file name
configure:3152: result: a.out
configure:3158: checking for suffix of executables
configure:3165: /Applications/Xcode.app/Contents/Developer/usr/bin/gcc -o conftest -Wno-error=implicit-function-declaration -arch x86_64 -pipe -Os -gdwarf-2 -isysroot /Applications/Xcode.app/Contents/Developer/Platforms/iPhoneSimulator.platform/Developer/SDKs/iPhoneSimulator10.3.sdk   -arch x86_64 -isysroot /Applications/Xcode.app/Contents/Developer/Platforms/iPhoneSimulator.platform/Developer/SDKs/iPhoneSimulator10.3.sdk conftest.c  >&5
configure:3169: $? = 0
configure:3191: result: 
configure:3213: checking whether we are cross compiling
configure:3221: /Applications/Xcode.app/Contents/Developer/usr/bin/gcc -o conftest -Wno-error=implicit-function-declaration -arch x86_64 -pipe -Os -gdwarf-2 -isysroot /Applications/Xcode.app/Contents/Developer/Platforms/iPhoneSimulator.platform/Developer/SDKs/iPhoneSimulator10.3.sdk   -arch x86_64 -isysroot /Applications/Xcode.app/Contents/Developer/Platforms/iPhoneSimulator.platform/Developer/SDKs/iPhoneSimulator10.3.sdk conftest.c  >&5
configure:3225: $? = 0
configure:3232: ./conftest
dyld: mach-o, but built for simulator (not macOS)
./configure: line 3234:  2524 Abort trap: 6           ./conftest$ac_cv_exeext
configure:3236: $? = 134
configure:3251: result: yes
configure:3256: checking for suffix of object files
configure:3278: /Applications/Xcode.app/Contents/Developer/usr/bin/gcc -c -Wno-error=implicit-function-declaration -arch x86_64 -pipe -Os -gdwarf-2 -isysroot /Applications/Xcode.app/Contents/Developer/Platforms/iPhoneSimulator.platform/Developer/SDKs/iPhoneSimulator10.3.sdk   conftest.c >&5
configure:3282: $? = 0
configure:3303: result: o
configure:3307: checking whether we are using the GNU C compiler
configure:3326: /Applications/Xcode.app/Contents/Developer/usr/bin/gcc -c -Wno-error=implicit-function-declaration -arch x86_64 -pipe -Os -gdwarf-2 -isysroot /Applications/Xcode.app/Contents/Developer/Platforms/iPhoneSimulator.platform/Developer/SDKs/iPhoneSimulator10.3.sdk   conftest.c >&5
configure:3326: $? = 0
configure:3335: result: yes
configure:3344: checking whether /Applications/Xcode.app/Contents/Developer/usr/bin/gcc accepts -g
configure:3364: /Applications/Xcode.app/Contents/Developer/usr/bin/gcc -c -g  conftest.c >&5
configure:3364: $? = 0
configure:3405: result: yes
configure:3422: checking for /Applications/Xcode.app/Contents/Developer/usr/bin/gcc option to accept ISO C89
configure:3486: /Applications/Xcode.app/Contents/Developer/usr/bin/gcc  -c -Wno-error=implicit-function-declaration -arch x86_64 -pipe -Os -gdwarf-2 -isysroot /Applications/Xcode.app/Contents/Developer/Platforms/iPhoneSimulator.platform/Developer/SDKs/iPhoneSimulator10.3.sdk   conftest.c >&5
configure:3486: $? = 0
configure:3499: result: none needed
configure:3530: checking for style of include used by make
configure:3558: result: GNU
configure:3583: checking dependency style of /Applications/Xcode.app/Contents/Developer/usr/bin/gcc
configure:3693: result: gcc3
configure:3709: checking whether ln -s works
configure:3713: result: yes
configure:3720: checking whether make sets $(MAKE)
configure:3742: result: yes
configure:3780: checking build system type
configure:3794: result: i386-apple-darwin16.5.0
configure:3814: checking host system type
configure:3827: result: x86_64-apple-darwin
configure:3868: checking how to print strings
configure:3895: result: printf
configure:3916: checking for a sed that does not truncate output
configure:3980: result: /usr/bin/sed
configure:3998: checking for grep that handles long lines and -e
configure:4056: result: /usr/bin/grep
configure:4061: checking for egrep
configure:4123: result: /usr/bin/grep -E
configure:4128: checking for fgrep
configure:4190: result: /usr/bin/grep -F
configure:4225: checking for ld used by /Applications/Xcode.app/Contents/Developer/usr/bin/gcc
configure:4292: result: /Applications/Xcode.app/Contents/Developer/Toolchains/XcodeDefault.xctoolchain/usr/bin/ld
configure:4299: checking if the linker (/Applications/Xcode.app/Contents/Developer/Toolchains/XcodeDefault.xctoolchain/usr/bin/ld) is GNU ld
configure:4314: result: no
configure:4326: checking for BSD- or MS-compatible name lister (nm)
configure:4375: result: /Applications/Xcode.app/Contents/Developer/Toolchains/XcodeDefault.xctoolchain/usr/bin/nm
configure:4505: checking the name lister (/Applications/Xcode.app/Contents/Developer/Toolchains/XcodeDefault.xctoolchain/usr/bin/nm) interface
configure:4512: /Applications/Xcode.app/Contents/Developer/usr/bin/gcc -c -Wno-error=implicit-function-declaration -arch x86_64 -pipe -Os -gdwarf-2 -isysroot /Applications/Xcode.app/Contents/Developer/Platforms/iPhoneSimulator.platform/Developer/SDKs/iPhoneSimulator10.3.sdk   conftest.c >&5
configure:4515: /Applications/Xcode.app/Contents/Developer/Toolchains/XcodeDefault.xctoolchain/usr/bin/nm "conftest.o"
configure:4518: output
00000000000001f0 S _some_variable
configure:4525: result: BSD nm
configure:4529: checking the maximum length of command line arguments
configure:4654: result: 196608
configure:4671: checking whether the shell understands some XSI constructs
configure:4681: result: yes
configure:4685: checking whether the shell understands "+="
configure:4691: result: yes
configure:4726: checking how to convert i386-apple-darwin16.5.0 file names to x86_64-apple-darwin format
configure:4766: result: func_convert_file_noop
configure:4773: checking how to convert i386-apple-darwin16.5.0 file names to toolchain format
configure:4793: result: func_convert_file_noop
configure:4800: checking for /Applications/Xcode.app/Contents/Developer/Toolchains/XcodeDefault.xctoolchain/usr/bin/ld option to reload object files
configure:4807: result: -r
configure:4841: checking for x86_64-apple-darwin-objdump
configure:4871: result: no
configure:4881: checking for objdump
configure:4897: found /usr/bin/objdump
configure:4908: result: objdump
configure:4920: WARNING: using cross tools not prefixed with host triplet
configure:4940: checking how to recognize dependent libraries
configure:5142: result: pass_all
configure:5187: checking for x86_64-apple-darwin-dlltool
configure:5217: result: no
configure:5227: checking for dlltool
configure:5257: result: no
configure:5287: checking how to associate runtime and link libraries
configure:5314: result: printf %s\n
configure:5331: checking for x86_64-apple-darwin-ar
configure:5358: result: /Applications/Xcode.app/Contents/Developer/Toolchains/XcodeDefault.xctoolchain/usr/bin/ar
configure:5439: checking for archiver @FILE support
configure:5456: /Applications/Xcode.app/Contents/Developer/usr/bin/gcc -c -Wno-error=implicit-function-declaration -arch x86_64 -pipe -Os -gdwarf-2 -isysroot /Applications/Xcode.app/Contents/Developer/Platforms/iPhoneSimulator.platform/Developer/SDKs/iPhoneSimulator10.3.sdk   conftest.c >&5
configure:5456: $? = 0
configure:5459: /Applications/Xcode.app/Contents/Developer/Toolchains/XcodeDefault.xctoolchain/usr/bin/ar cru libconftest.a @conftest.lst >&5
ar: @conftest.lst: No such file or directory
configure:5462: $? = 1
configure:5482: result: no
configure:5500: checking for x86_64-apple-darwin-strip
configure:5527: result: strip
configure:5599: checking for x86_64-apple-darwin-ranlib
configure:5626: result: /Applications/Xcode.app/Contents/Developer/Toolchains/XcodeDefault.xctoolchain/usr/bin/ranlib
configure:5768: checking command to parse /Applications/Xcode.app/Contents/Developer/Toolchains/XcodeDefault.xctoolchain/usr/bin/nm output from /Applications/Xcode.app/Contents/Developer/usr/bin/gcc object
configure:5887: /Applications/Xcode.app/Contents/Developer/usr/bin/gcc -c -Wno-error=implicit-function-declaration -arch x86_64 -pipe -Os -gdwarf-2 -isysroot /Applications/Xcode.app/Contents/Developer/Platforms/iPhoneSimulator.platform/Developer/SDKs/iPhoneSimulator10.3.sdk   conftest.c >&5
configure:5890: $? = 0
configure:5894: /Applications/Xcode.app/Contents/Developer/Toolchains/XcodeDefault.xctoolchain/usr/bin/nm conftest.o \| sed -n -e 's/^.*[ ]\([BCDEGRST][BCDEGRST]*\)[ ][ ]*\([_A-Za-z][_A-Za-z0-9]*\)$/\1 \2 \2/p' | sed '/ __gnu_lto/d' \> conftest.nm
configure:5897: $? = 0
cannot find nm_test_var in conftest.nm
configure:5887: /Applications/Xcode.app/Contents/Developer/usr/bin/gcc -c -Wno-error=implicit-function-declaration -arch x86_64 -pipe -Os -gdwarf-2 -isysroot /Applications/Xcode.app/Contents/Developer/Platforms/iPhoneSimulator.platform/Developer/SDKs/iPhoneSimulator10.3.sdk   conftest.c >&5
configure:5890: $? = 0
configure:5894: /Applications/Xcode.app/Contents/Developer/Toolchains/XcodeDefault.xctoolchain/usr/bin/nm conftest.o \| sed -n -e 's/^.*[ ]\([BCDEGRST][BCDEGRST]*\)[ ][ ]*_\([_A-Za-z][_A-Za-z0-9]*\)$/\1 _\2 \2/p' | sed '/ __gnu_lto/d' \> conftest.nm
configure:5897: $? = 0
configure:5963: /Applications/Xcode.app/Contents/Developer/usr/bin/gcc -o conftest -Wno-error=implicit-function-declaration -arch x86_64 -pipe -Os -gdwarf-2 -isysroot /Applications/Xcode.app/Contents/Developer/Platforms/iPhoneSimulator.platform/Developer/SDKs/iPhoneSimulator10.3.sdk   -arch x86_64 -isysroot /Applications/Xcode.app/Contents/Developer/Platforms/iPhoneSimulator.platform/Developer/SDKs/iPhoneSimulator10.3.sdk conftest.c conftstm.o >&5
warning: (x86_64)  could not find object file symbol for symbol _main
configure:5966: $? = 0
configure:6004: result: ok
configure:6041: checking for sysroot
configure:6071: result: no
configure:6274: checking for x86_64-apple-darwin-mt
configure:6304: result: no
configure:6314: checking for mt
configure:6344: result: no
configure:6364: checking if : is a manifest tool
configure:6370: : '-?'
configure:6378: result: no
configure:6394: checking for x86_64-apple-darwin-dsymutil
configure:6424: result: no
configure:6434: checking for dsymutil
configure:6450: found /usr/bin/dsymutil
configure:6461: result: dsymutil
configure:6486: checking for x86_64-apple-darwin-nmedit
configure:6516: result: no
configure:6526: checking for nmedit
configure:6542: found /usr/bin/nmedit
configure:6553: result: nmedit
configure:6578: checking for x86_64-apple-darwin-lipo
configure:6608: result: no
configure:6618: checking for lipo
configure:6634: found /usr/bin/lipo
configure:6645: result: lipo
configure:6670: checking for x86_64-apple-darwin-otool
configure:6700: result: no
configure:6710: checking for otool
configure:6726: found /usr/bin/otool
configure:6737: result: otool
configure:6762: checking for x86_64-apple-darwin-otool64
configure:6792: result: no
configure:6802: checking for otool64
configure:6832: result: no
configure:6877: checking for -single_module linker flag
/Applications/Xcode.app/Contents/Developer/usr/bin/gcc -Wno-error=implicit-function-declaration -arch x86_64 -pipe -Os -gdwarf-2 -isysroot /Applications/Xcode.app/Contents/Developer/Platforms/iPhoneSimulator.platform/Developer/SDKs/iPhoneSimulator10.3.sdk  -arch x86_64 -isysroot /Applications/Xcode.app/Contents/Developer/Platforms/iPhoneSimulator.platform/Developer/SDKs/iPhoneSimulator10.3.sdk -o libconftest.dylib -dynamiclib -Wl,-single_module conftest.c
configure:6904: result: yes
configure:6906: checking for -exported_symbols_list linker flag
configure:6926: /Applications/Xcode.app/Contents/Developer/usr/bin/gcc -o conftest -Wno-error=implicit-function-declaration -arch x86_64 -pipe -Os -gdwarf-2 -isysroot /Applications/Xcode.app/Contents/Developer/Platforms/iPhoneSimulator.platform/Developer/SDKs/iPhoneSimulator10.3.sdk   -arch x86_64 -isysroot /Applications/Xcode.app/Contents/Developer/Platforms/iPhoneSimulator.platform/Developer/SDKs/iPhoneSimulator10.3.sdk -Wl,-exported_symbols_list,conftest.sym conftest.c  >&5
configure:6926: $? = 0
configure:6936: result: yes
configure:6938: checking for -force_load linker flag
/Applications/Xcode.app/Contents/Developer/usr/bin/gcc -Wno-error=implicit-function-declaration -arch x86_64 -pipe -Os -gdwarf-2 -isysroot /Applications/Xcode.app/Contents/Developer/Platforms/iPhoneSimulator.platform/Developer/SDKs/iPhoneSimulator10.3.sdk  -c -o conftest.o conftest.c
/Applications/Xcode.app/Contents/Developer/Toolchains/XcodeDefault.xctoolchain/usr/bin/ar cru libconftest.a conftest.o
/Applications/Xcode.app/Contents/Developer/Toolchains/XcodeDefault.xctoolchain/usr/bin/ranlib libconftest.a
/Applications/Xcode.app/Contents/Developer/usr/bin/gcc -Wno-error=implicit-function-declaration -arch x86_64 -pipe -Os -gdwarf-2 -isysroot /Applications/Xcode.app/Contents/Developer/Platforms/iPhoneSimulator.platform/Developer/SDKs/iPhoneSimulator10.3.sdk  -arch x86_64 -isysroot /Applications/Xcode.app/Contents/Developer/Platforms/iPhoneSimulator.platform/Developer/SDKs/iPhoneSimulator10.3.sdk -o conftest conftest.c -Wl,-force_load,./libconftest.a
warning: (x86_64)  could not find object file symbol for symbol _forced_loaded
configure:6968: result: no
configure:7010: checking how to run the C preprocessor
configure:7080: result: /Applications/Xcode.app/Contents/Developer/Toolchains/XcodeDefault.xctoolchain/usr/bin/cpp
configure:7100: /Applications/Xcode.app/Contents/Developer/Toolchains/XcodeDefault.xctoolchain/usr/bin/cpp  conftest.c
configure:7100: $? = 0
configure:7114: /Applications/Xcode.app/Contents/Developer/Toolchains/XcodeDefault.xctoolchain/usr/bin/cpp  conftest.c
conftest.c:11:10: fatal error: 'ac_nonexistent.h' file not found
#include <ac_nonexistent.h>
         ^
1 error generated.
configure:7114: $? = 1
configure: failed program was:
| /* confdefs.h */
| #define PACKAGE_NAME "PROJ.4 Projections"
| #define PACKAGE_TARNAME "proj"
| #define PACKAGE_VERSION "4.8.0"
| #define PACKAGE_STRING "PROJ.4 Projections 4.8.0"
| #define PACKAGE_BUGREPORT "warmerdam@pobox.com"
| #define PACKAGE_URL ""
| #define PACKAGE "proj"
| #define VERSION "4.8.0"
| /* end confdefs.h.  */
| #include <ac_nonexistent.h>
configure:7143: checking for ANSI C header files
configure:7163: /Applications/Xcode.app/Contents/Developer/usr/bin/gcc -c -Wno-error=implicit-function-declaration -arch x86_64 -pipe -Os -gdwarf-2 -isysroot /Applications/Xcode.app/Contents/Developer/Platforms/iPhoneSimulator.platform/Developer/SDKs/iPhoneSimulator10.3.sdk   conftest.c >&5
configure:7163: $? = 0
In file included from conftest.c:11:
In file included from /Applications/Xcode.app/Contents/Developer/Platforms/MacOSX.platform/Developer/SDKs/MacOSX10.12.sdk/usr/include/string.h:63:
In file included from /Applications/Xcode.app/Contents/Developer/Platforms/MacOSX.platform/Developer/SDKs/MacOSX10.12.sdk/usr/include/Availability.h:190:
/Applications/Xcode.app/Contents/Developer/Platforms/MacOSX.platform/Developer/SDKs/MacOSX10.12.sdk/usr/include/AvailabilityInternal.h:22938:10: error: unterminated conditional directive
        #if __MAC_OS_X_VERSION_MIN_REQUIRED >= __MAC_10_12
         ^
/Applications/Xcode.app/Contents/Developer/Platforms/MacOSX.platform/Developer/SDKs/MacOSX10.12.sdk/usr/include/AvailabilityInternal.h:22867:10: error: unterminated conditional directive
        #if __MAC_OS_X_VERSION_MIN_REQUIRED >= __MAC_10_11_4
         ^
/Applications/Xcode.app/Contents/Developer/Platforms/MacOSX.platform/Developer/SDKs/MacOSX10.12.sdk/usr/include/AvailabilityInternal.h:22800:10: error: unterminated conditional directive
        #if __MAC_OS_X_VERSION_MIN_REQUIRED >= __MAC_10_11_3
         ^
/Applications/Xcode.app/Contents/Developer/Platforms/MacOSX.platform/Developer/SDKs/MacOSX10.12.sdk/usr/include/AvailabilityInternal.h:22737:10: error: unterminated conditional directive
        #if __MAC_OS_X_VERSION_MIN_REQUIRED >= __MAC_10_11_2
         ^
/Applications/Xcode.app/Contents/Developer/Platforms/MacOSX.platform/Developer/SDKs/MacOSX10.12.sdk/usr/include/AvailabilityInternal.h:22678:10: error: unterminated conditional directive
        #if __MAC_OS_X_VERSION_MIN_REQUIRED >= __MAC_10_11
         ^
/Applications/Xcode.app/Contents/Developer/Platforms/MacOSX.platform/Developer/SDKs/MacOSX10.12.sdk/usr/include/AvailabilityInternal.h:22623:10: error: unterminated conditional directive
        #if __MAC_OS_X_VERSION_MIN_REQUIRED >= __MAC_10_10_3
         ^
/Applications/Xcode.app/Contents/Developer/Platforms/MacOSX.platform/Developer/SDKs/MacOSX10.12.sdk/usr/include/AvailabilityInternal.h:22572:10: error: unterminated conditional directive
        #if __MAC_OS_X_VERSION_MIN_REQUIRED >= __MAC_10_10_2
         ^
/Applications/Xcode.app/Contents/Developer/Platforms/MacOSX.platform/Developer/SDKs/MacOSX10.12.sdk/usr/include/AvailabilityInternal.h:22525:10: error: unterminated conditional directive
        #if __MAC_OS_X_VERSION_MIN_REQUIRED >= __MAC_10_10
         ^
/Applications/Xcode.app/Contents/Developer/Platforms/MacOSX.platform/Developer/SDKs/MacOSX10.12.sdk/usr/include/AvailabilityInternal.h:22482:10: error: unterminated conditional directive
        #if __MAC_OS_X_VERSION_MIN_REQUIRED >= __MAC_10_9
         ^
/Applications/Xcode.app/Contents/Developer/Platforms/MacOSX.platform/Developer/SDKs/MacOSX10.12.sdk/usr/include/AvailabilityInternal.h:22443:10: error: unterminated conditional directive
        #if __MAC_OS_X_VERSION_MIN_REQUIRED >= __MAC_10_8
         ^
/Applications/Xcode.app/Contents/Developer/Platforms/MacOSX.platform/Developer/SDKs/MacOSX10.12.sdk/usr/include/AvailabilityInternal.h:22408:10: error: unterminated conditional directive
        #if __MAC_OS_X_VERSION_MIN_REQUIRED >= __MAC_10_7
         ^
/Applications/Xcode.app/Contents/Developer/Platforms/MacOSX.platform/Developer/SDKs/MacOSX10.12.sdk/usr/include/AvailabilityInternal.h:22377:10: error: unterminated conditional directive
        #if __MAC_OS_X_VERSION_MIN_REQUIRED >= __MAC_10_6
         ^
/Applications/Xcode.app/Contents/Developer/Platforms/MacOSX.platform/Developer/SDKs/MacOSX10.12.sdk/usr/include/AvailabilityInternal.h:22350:10: error: unterminated conditional directive
        #if __MAC_OS_X_VERSION_MIN_REQUIRED >= __MAC_10_5
         ^
/Applications/Xcode.app/Contents/Developer/Platforms/MacOSX.platform/Developer/SDKs/MacOSX10.12.sdk/usr/include/AvailabilityInternal.h:22327:10: error: unterminated conditional directive
        #if __MAC_OS_X_VERSION_MIN_REQUIRED >= __MAC_10_4
         ^
/Applications/Xcode.app/Contents/Developer/Platforms/MacOSX.platform/Developer/SDKs/MacOSX10.12.sdk/usr/include/AvailabilityInternal.h:22308:10: error: unterminated conditional directive
        #if __MAC_OS_X_VERSION_MIN_REQUIRED >= __MAC_10_3
         ^
/Applications/Xcode.app/Contents/Developer/Platforms/MacOSX.platform/Developer/SDKs/MacOSX10.12.sdk/usr/include/AvailabilityInternal.h:22293:10: error: unterminated conditional directive
        #if __MAC_OS_X_VERSION_MIN_REQUIRED >= __MAC_10_2
         ^
/Applications/Xcode.app/Contents/Developer/Platforms/MacOSX.platform/Developer/SDKs/MacOSX10.12.sdk/usr/include/AvailabilityInternal.h:22282:10: error: unterminated conditional directive
        #if __MAC_OS_X_VERSION_MIN_REQUIRED >= __MAC_10_1
         ^
/Applications/Xcode.app/Contents/Developer/Platforms/MacOSX.platform/Developer/SDKs/MacOSX10.12.sdk/usr/include/AvailabilityInternal.h:30:2: error: unterminated conditional directive
#ifndef __AVAILABILITY_INTERNAL__
 ^
In file included from conftest.c:11:
In file included from /Applications/Xcode.app/Contents/Developer/Platforms/MacOSX.platform/Developer/SDKs/MacOSX10.12.sdk/usr/include/string.h:63:
/Applications/Xcode.app/Contents/Developer/Platforms/MacOSX.platform/Developer/SDKs/MacOSX10.12.sdk/usr/include/Availability.h:239:2: error: #else without #if
#else
 ^
fatal error: too many errors emitted, stopping now [-ferror-limit=]
20 errors generated.
In file included from conftest.c:11:
In file included from /Applications/Xcode.app/Contents/Developer/Platforms/MacOSX.platform/Developer/SDKs/MacOSX10.12.sdk/usr/include/stdlib.h:61:
In file included from /Applications/Xcode.app/Contents/Developer/Platforms/MacOSX.platform/Developer/SDKs/MacOSX10.12.sdk/usr/include/Availability.h:190:
/Applications/Xcode.app/Contents/Developer/Platforms/MacOSX.platform/Developer/SDKs/MacOSX10.12.sdk/usr/include/AvailabilityInternal.h:22938:10: error: unterminated conditional directive
        #if __MAC_OS_X_VERSION_MIN_REQUIRED >= __MAC_10_12
         ^
/Applications/Xcode.app/Contents/Developer/Platforms/MacOSX.platform/Developer/SDKs/MacOSX10.12.sdk/usr/include/AvailabilityInternal.h:22867:10: error: unterminated conditional directive
        #if __MAC_OS_X_VERSION_MIN_REQUIRED >= __MAC_10_11_4
         ^
/Applications/Xcode.app/Contents/Developer/Platforms/MacOSX.platform/Developer/SDKs/MacOSX10.12.sdk/usr/include/AvailabilityInternal.h:22800:10: error: unterminated conditional directive
        #if __MAC_OS_X_VERSION_MIN_REQUIRED >= __MAC_10_11_3
         ^
/Applications/Xcode.app/Contents/Developer/Platforms/MacOSX.platform/Developer/SDKs/MacOSX10.12.sdk/usr/include/AvailabilityInternal.h:22737:10: error: unterminated conditional directive
        #if __MAC_OS_X_VERSION_MIN_REQUIRED >= __MAC_10_11_2
         ^
/Applications/Xcode.app/Contents/Developer/Platforms/MacOSX.platform/Developer/SDKs/MacOSX10.12.sdk/usr/include/AvailabilityInternal.h:22678:10: error: unterminated conditional directive
        #if __MAC_OS_X_VERSION_MIN_REQUIRED >= __MAC_10_11
         ^
/Applications/Xcode.app/Contents/Developer/Platforms/MacOSX.platform/Developer/SDKs/MacOSX10.12.sdk/usr/include/AvailabilityInternal.h:22623:10: error: unterminated conditional directive
        #if __MAC_OS_X_VERSION_MIN_REQUIRED >= __MAC_10_10_3
         ^
/Applications/Xcode.app/Contents/Developer/Platforms/MacOSX.platform/Developer/SDKs/MacOSX10.12.sdk/usr/include/AvailabilityInternal.h:22572:10: error: unterminated conditional directive
        #if __MAC_OS_X_VERSION_MIN_REQUIRED >= __MAC_10_10_2
         ^
/Applications/Xcode.app/Contents/Developer/Platforms/MacOSX.platform/Developer/SDKs/MacOSX10.12.sdk/usr/include/AvailabilityInternal.h:22525:10: error: unterminated conditional directive
        #if __MAC_OS_X_VERSION_MIN_REQUIRED >= __MAC_10_10
         ^
/Applications/Xcode.app/Contents/Developer/Platforms/MacOSX.platform/Developer/SDKs/MacOSX10.12.sdk/usr/include/AvailabilityInternal.h:22482:10: error: unterminated conditional directive
        #if __MAC_OS_X_VERSION_MIN_REQUIRED >= __MAC_10_9
         ^
/Applications/Xcode.app/Contents/Developer/Platforms/MacOSX.platform/Developer/SDKs/MacOSX10.12.sdk/usr/include/AvailabilityInternal.h:22443:10: error: unterminated conditional directive
        #if __MAC_OS_X_VERSION_MIN_REQUIRED >= __MAC_10_8
         ^
/Applications/Xcode.app/Contents/Developer/Platforms/MacOSX.platform/Developer/SDKs/MacOSX10.12.sdk/usr/include/AvailabilityInternal.h:22408:10: error: unterminated conditional directive
        #if __MAC_OS_X_VERSION_MIN_REQUIRED >= __MAC_10_7
         ^
/Applications/Xcode.app/Contents/Developer/Platforms/MacOSX.platform/Developer/SDKs/MacOSX10.12.sdk/usr/include/AvailabilityInternal.h:22377:10: error: unterminated conditional directive
        #if __MAC_OS_X_VERSION_MIN_REQUIRED >= __MAC_10_6
         ^
/Applications/Xcode.app/Contents/Developer/Platforms/MacOSX.platform/Developer/SDKs/MacOSX10.12.sdk/usr/include/AvailabilityInternal.h:22350:10: error: unterminated conditional directive
        #if __MAC_OS_X_VERSION_MIN_REQUIRED >= __MAC_10_5
         ^
/Applications/Xcode.app/Contents/Developer/Platforms/MacOSX.platform/Developer/SDKs/MacOSX10.12.sdk/usr/include/AvailabilityInternal.h:22327:10: error: unterminated conditional directive
        #if __MAC_OS_X_VERSION_MIN_REQUIRED >= __MAC_10_4
         ^
/Applications/Xcode.app/Contents/Developer/Platforms/MacOSX.platform/Developer/SDKs/MacOSX10.12.sdk/usr/include/AvailabilityInternal.h:22308:10: error: unterminated conditional directive
        #if __MAC_OS_X_VERSION_MIN_REQUIRED >= __MAC_10_3
         ^
/Applications/Xcode.app/Contents/Developer/Platforms/MacOSX.platform/Developer/SDKs/MacOSX10.12.sdk/usr/include/AvailabilityInternal.h:22293:10: error: unterminated conditional directive
        #if __MAC_OS_X_VERSION_MIN_REQUIRED >= __MAC_10_2
         ^
/Applications/Xcode.app/Contents/Developer/Platforms/MacOSX.platform/Developer/SDKs/MacOSX10.12.sdk/usr/include/AvailabilityInternal.h:22282:10: error: unterminated conditional directive
        #if __MAC_OS_X_VERSION_MIN_REQUIRED >= __MAC_10_1
         ^
/Applications/Xcode.app/Contents/Developer/Platforms/MacOSX.platform/Developer/SDKs/MacOSX10.12.sdk/usr/include/AvailabilityInternal.h:30:2: error: unterminated conditional directive
#ifndef __AVAILABILITY_INTERNAL__
 ^
In file included from conftest.c:11:
In file included from /Applications/Xcode.app/Contents/Developer/Platforms/MacOSX.platform/Developer/SDKs/MacOSX10.12.sdk/usr/include/stdlib.h:61:
/Applications/Xcode.app/Contents/Developer/Platforms/MacOSX.platform/Developer/SDKs/MacOSX10.12.sdk/usr/include/Availability.h:239:2: error: #else without #if
#else
 ^
fatal error: too many errors emitted, stopping now [-ferror-limit=]
20 errors generated.
configure:7247: result: yes
configure:7260: checking for sys/types.h
configure:7260: /Applications/Xcode.app/Contents/Developer/usr/bin/gcc -c -Wno-error=implicit-function-declaration -arch x86_64 -pipe -Os -gdwarf-2 -isysroot /Applications/Xcode.app/Contents/Developer/Platforms/iPhoneSimulator.platform/Developer/SDKs/iPhoneSimulator10.3.sdk   conftest.c >&5
configure:7260: $? = 0
configure:7260: result: yes
configure:7260: checking for sys/stat.h
configure:7260: /Applications/Xcode.app/Contents/Developer/usr/bin/gcc -c -Wno-error=implicit-function-declaration -arch x86_64 -pipe -Os -gdwarf-2 -isysroot /Applications/Xcode.app/Contents/Developer/Platforms/iPhoneSimulator.platform/Developer/SDKs/iPhoneSimulator10.3.sdk   conftest.c >&5
configure:7260: $? = 0
configure:7260: result: yes
configure:7260: checking for stdlib.h
configure:7260: /Applications/Xcode.app/Contents/Developer/usr/bin/gcc -c -Wno-error=implicit-function-declaration -arch x86_64 -pipe -Os -gdwarf-2 -isysroot /Applications/Xcode.app/Contents/Developer/Platforms/iPhoneSimulator.platform/Developer/SDKs/iPhoneSimulator10.3.sdk   conftest.c >&5
configure:7260: $? = 0
configure:7260: result: yes
configure:7260: checking for string.h
configure:7260: /Applications/Xcode.app/Contents/Developer/usr/bin/gcc -c -Wno-error=implicit-function-declaration -arch x86_64 -pipe -Os -gdwarf-2 -isysroot /Applications/Xcode.app/Contents/Developer/Platforms/iPhoneSimulator.platform/Developer/SDKs/iPhoneSimulator10.3.sdk   conftest.c >&5
configure:7260: $? = 0
configure:7260: result: yes
configure:7260: checking for memory.h
configure:7260: /Applications/Xcode.app/Contents/Developer/usr/bin/gcc -c -Wno-error=implicit-function-declaration -arch x86_64 -pipe -Os -gdwarf-2 -isysroot /Applications/Xcode.app/Contents/Developer/Platforms/iPhoneSimulator.platform/Developer/SDKs/iPhoneSimulator10.3.sdk   conftest.c >&5
configure:7260: $? = 0
configure:7260: result: yes
configure:7260: checking for strings.h
configure:7260: /Applications/Xcode.app/Contents/Developer/usr/bin/gcc -c -Wno-error=implicit-function-declaration -arch x86_64 -pipe -Os -gdwarf-2 -isysroot /Applications/Xcode.app/Contents/Developer/Platforms/iPhoneSimulator.platform/Developer/SDKs/iPhoneSimulator10.3.sdk   conftest.c >&5
configure:7260: $? = 0
configure:7260: result: yes
configure:7260: checking for inttypes.h
configure:7260: /Applications/Xcode.app/Contents/Developer/usr/bin/gcc -c -Wno-error=implicit-function-declaration -arch x86_64 -pipe -Os -gdwarf-2 -isysroot /Applications/Xcode.app/Contents/Developer/Platforms/iPhoneSimulator.platform/Developer/SDKs/iPhoneSimulator10.3.sdk   conftest.c >&5
configure:7260: $? = 0
configure:7260: result: yes
configure:7260: checking for stdint.h
configure:7260: /Applications/Xcode.app/Contents/Developer/usr/bin/gcc -c -Wno-error=implicit-function-declaration -arch x86_64 -pipe -Os -gdwarf-2 -isysroot /Applications/Xcode.app/Contents/Developer/Platforms/iPhoneSimulator.platform/Developer/SDKs/iPhoneSimulator10.3.sdk   conftest.c >&5
configure:7260: $? = 0
configure:7260: result: yes
configure:7260: checking for unistd.h
configure:7260: /Applications/Xcode.app/Contents/Developer/usr/bin/gcc -c -Wno-error=implicit-function-declaration -arch x86_64 -pipe -Os -gdwarf-2 -isysroot /Applications/Xcode.app/Contents/Developer/Platforms/iPhoneSimulator.platform/Developer/SDKs/iPhoneSimulator10.3.sdk   conftest.c >&5
configure:7260: $? = 0
configure:7260: result: yes
configure:7274: checking for dlfcn.h
configure:7274: /Applications/Xcode.app/Contents/Developer/usr/bin/gcc -c -Wno-error=implicit-function-declaration -arch x86_64 -pipe -Os -gdwarf-2 -isysroot /Applications/Xcode.app/Contents/Developer/Platforms/iPhoneSimulator.platform/Developer/SDKs/iPhoneSimulator10.3.sdk   conftest.c >&5
configure:7274: $? = 0
configure:7274: result: yes
configure:7461: checking for objdir
configure:7476: result: .libs
configure:7743: checking if /Applications/Xcode.app/Contents/Developer/usr/bin/gcc supports -fno-rtti -fno-exceptions
configure:7761: /Applications/Xcode.app/Contents/Developer/usr/bin/gcc -c -Wno-error=implicit-function-declaration -arch x86_64 -pipe -Os -gdwarf-2 -isysroot /Applications/Xcode.app/Contents/Developer/Platforms/iPhoneSimulator.platform/Developer/SDKs/iPhoneSimulator10.3.sdk   -fno-rtti -fno-exceptions conftest.c >&5
configure:7765: $? = 0
configure:7778: result: yes
configure:8088: checking for /Applications/Xcode.app/Contents/Developer/usr/bin/gcc option to produce PIC
configure:8095: result: -fno-common -DPIC
configure:8103: checking if /Applications/Xcode.app/Contents/Developer/usr/bin/gcc PIC flag -fno-common -DPIC works
configure:8121: /Applications/Xcode.app/Contents/Developer/usr/bin/gcc -c -Wno-error=implicit-function-declaration -arch x86_64 -pipe -Os -gdwarf-2 -isysroot /Applications/Xcode.app/Contents/Developer/Platforms/iPhoneSimulator.platform/Developer/SDKs/iPhoneSimulator10.3.sdk   -fno-common -DPIC -DPIC conftest.c >&5
configure:8125: $? = 0
configure:8138: result: yes
configure:8167: checking if /Applications/Xcode.app/Contents/Developer/usr/bin/gcc static flag -static works
configure:8195: result: no
configure:8210: checking if /Applications/Xcode.app/Contents/Developer/usr/bin/gcc supports -c -o file.o
configure:8231: /Applications/Xcode.app/Contents/Developer/usr/bin/gcc -c -Wno-error=implicit-function-declaration -arch x86_64 -pipe -Os -gdwarf-2 -isysroot /Applications/Xcode.app/Contents/Developer/Platforms/iPhoneSimulator.platform/Developer/SDKs/iPhoneSimulator10.3.sdk   -o out/conftest2.o conftest.c >&5
configure:8235: $? = 0
configure:8257: result: yes
configure:8265: checking if /Applications/Xcode.app/Contents/Developer/usr/bin/gcc supports -c -o file.o
configure:8312: result: yes
configure:8345: checking whether the /Applications/Xcode.app/Contents/Developer/usr/bin/gcc linker (/Applications/Xcode.app/Contents/Developer/Toolchains/XcodeDefault.xctoolchain/usr/bin/ld) supports shared libraries
configure:9503: result: yes
configure:9748: checking dynamic linker characteristics
configure:10484: result: darwin dyld
configure:10591: checking how to hardcode library paths into programs
configure:10616: result: immediate
configure:11156: checking whether stripping libraries is possible
configure:11170: result: yes
configure:11196: checking if libtool supports shared libraries
configure:11198: result: yes
configure:11201: checking whether to build shared libraries
configure:11222: result: no
configure:11225: checking whether to build static libraries
configure:11229: result: yes
configure:11265: checking for exp in -lm
configure:11290: /Applications/Xcode.app/Contents/Developer/usr/bin/gcc -o conftest -Wno-error=implicit-function-declaration -arch x86_64 -pipe -Os -gdwarf-2 -isysroot /Applications/Xcode.app/Contents/Developer/Platforms/iPhoneSimulator.platform/Developer/SDKs/iPhoneSimulator10.3.sdk   -arch x86_64 -isysroot /Applications/Xcode.app/Contents/Developer/Platforms/iPhoneSimulator.platform/Developer/SDKs/iPhoneSimulator10.3.sdk conftest.c -lm   >&5
conftest.c:30:6: warning: incompatible redeclaration of library function 'exp' [-Wincompatible-library-redeclaration]
char exp ();
     ^
conftest.c:30:6: note: 'exp' is a builtin with type 'double (double)'
1 warning generated.
configure:11290: $? = 0
configure:11299: result: yes
configure:11311: checking for ANSI C header files
configure:11415: result: yes
configure:11468: checking jni.h usability
configure:11468: /Applications/Xcode.app/Contents/Developer/usr/bin/gcc -c -Wno-error=implicit-function-declaration -arch x86_64 -pipe -Os -gdwarf-2 -isysroot /Applications/Xcode.app/Contents/Developer/Platforms/iPhoneSimulator.platform/Developer/SDKs/iPhoneSimulator10.3.sdk   conftest.c >&5
conftest.c:58:10: fatal error: 'jni.h' file not found
#include <jni.h>
         ^
1 error generated.
configure:11468: $? = 1
configure: failed program was:
| /* confdefs.h */
| #define PACKAGE_NAME "PROJ.4 Projections"
| #define PACKAGE_TARNAME "proj"
| #define PACKAGE_VERSION "4.8.0"
| #define PACKAGE_STRING "PROJ.4 Projections 4.8.0"
| #define PACKAGE_BUGREPORT "warmerdam@pobox.com"
| #define PACKAGE_URL ""
| #define PACKAGE "proj"
| #define VERSION "4.8.0"
| #define STDC_HEADERS 1
| #define HAVE_SYS_TYPES_H 1
| #define HAVE_SYS_STAT_H 1
| #define HAVE_STDLIB_H 1
| #define HAVE_STRING_H 1
| #define HAVE_MEMORY_H 1
| #define HAVE_STRINGS_H 1
| #define HAVE_INTTYPES_H 1
| #define HAVE_STDINT_H 1
| #define HAVE_UNISTD_H 1
| #define HAVE_DLFCN_H 1
| #define LT_OBJDIR ".libs/"
| #define HAVE_LIBM 1
| #define STDC_HEADERS 1
| /* end confdefs.h.  */
| #include <stdio.h>
| #ifdef HAVE_SYS_TYPES_H
| # include <sys/types.h>
| #endif
| #ifdef HAVE_SYS_STAT_H
| # include <sys/stat.h>
| #endif
| #ifdef STDC_HEADERS
| # include <stdlib.h>
| # include <stddef.h>
| #else
| # ifdef HAVE_STDLIB_H
| #  include <stdlib.h>
| # endif
| #endif
| #ifdef HAVE_STRING_H
| # if !defined STDC_HEADERS && defined HAVE_MEMORY_H
| #  include <memory.h>
| # endif
| # include <string.h>
| #endif
| #ifdef HAVE_STRINGS_H
| # include <strings.h>
| #endif
| #ifdef HAVE_INTTYPES_H
| # include <inttypes.h>
| #endif
| #ifdef HAVE_STDINT_H
| # include <stdint.h>
| #endif
| #ifdef HAVE_UNISTD_H
| # include <unistd.h>
| #endif
| #include <jni.h>
configure:11468: result: no
configure:11468: checking jni.h presence
configure:11468: /Applications/Xcode.app/Contents/Developer/Toolchains/XcodeDefault.xctoolchain/usr/bin/cpp  conftest.c
conftest.c:25:10: fatal error: 'jni.h' file not found
#include <jni.h>
         ^
1 error generated.
configure:11468: $? = 1
configure: failed program was:
| /* confdefs.h */
| #define PACKAGE_NAME "PROJ.4 Projections"
| #define PACKAGE_TARNAME "proj"
| #define PACKAGE_VERSION "4.8.0"
| #define PACKAGE_STRING "PROJ.4 Projections 4.8.0"
| #define PACKAGE_BUGREPORT "warmerdam@pobox.com"
| #define PACKAGE_URL ""
| #define PACKAGE "proj"
| #define VERSION "4.8.0"
| #define STDC_HEADERS 1
| #define HAVE_SYS_TYPES_H 1
| #define HAVE_SYS_STAT_H 1
| #define HAVE_STDLIB_H 1
| #define HAVE_STRING_H 1
| #define HAVE_MEMORY_H 1
| #define HAVE_STRINGS_H 1
| #define HAVE_INTTYPES_H 1
| #define HAVE_STDINT_H 1
| #define HAVE_UNISTD_H 1
| #define HAVE_DLFCN_H 1
| #define LT_OBJDIR ".libs/"
| #define HAVE_LIBM 1
| #define STDC_HEADERS 1
| /* end confdefs.h.  */
| #include <jni.h>
configure:11468: result: no
configure:11468: checking for jni.h
configure:11468: result: no
configure:11479: checking whether to enable Java/JNI support
configure:11483: result: disabled
configure:11512: checking for mutexes
configure:11516: result: enabled, pthread
configure:11663: creating ./config.status

## ---------------------- ##
## Running config.status. ##
## ---------------------- ##

This file was extended by PROJ.4 Projections config.status 4.8.0, which was
generated by GNU Autoconf 2.68.  Invocation command line was

  CONFIG_FILES    = 
  CONFIG_HEADERS  = 
  CONFIG_LINKS    = 
  CONFIG_COMMANDS = 
  $ ./config.status 

on venkatas-Mac-mini.local

config.status:1100: creating Makefile
config.status:1100: creating src/Makefile
config.status:1100: creating man/Makefile
config.status:1100: creating man/man1/Makefile
config.status:1100: creating man/man3/Makefile
config.status:1100: creating nad/Makefile
config.status:1100: creating jniwrap/Makefile
config.status:1100: creating jniwrap/org/Makefile
config.status:1100: creating jniwrap/org/proj4/Makefile
config.status:1100: creating src/proj_config.h
config.status:1281: src/proj_config.h is unchanged
config.status:1329: executing depfiles commands
config.status:1329: executing libtool commands
configure:14051: creating ./config.status

## ---------------------- ##
## Running config.status. ##
## ---------------------- ##

This file was extended by PROJ.4 Projections config.status 4.8.0, which was
generated by GNU Autoconf 2.68.  Invocation command line was

  CONFIG_FILES    = 
  CONFIG_HEADERS  = 
  CONFIG_LINKS    = 
  CONFIG_COMMANDS = 
  $ ./config.status 

on venkatas-Mac-mini.local

config.status:1102: creating Makefile
config.status:1102: creating src/Makefile
config.status:1102: creating man/Makefile
config.status:1102: creating man/man1/Makefile
config.status:1102: creating man/man3/Makefile
config.status:1102: creating nad/Makefile
config.status:1102: creating jniwrap/Makefile
config.status:1102: creating jniwrap/org/Makefile
config.status:1102: creating jniwrap/org/proj4/Makefile
config.status:1102: creating proj.pc
config.status:1102: creating src/proj_config.h
config.status:1283: src/proj_config.h is unchanged
config.status:1331: executing depfiles commands
config.status:1331: executing libtool commands

## ---------------- ##
## Cache variables. ##
## ---------------- ##

ac_cv_build=i386-apple-darwin16.5.0
ac_cv_c_compiler_gnu=yes
ac_cv_env_CC_set=set
ac_cv_env_CC_value=/Applications/Xcode.app/Contents/Developer/usr/bin/gcc
ac_cv_env_CFLAGS_set=set
ac_cv_env_CFLAGS_value='-Wno-error=implicit-function-declaration -arch x86_64 -pipe -Os -gdwarf-2 -isysroot /Applications/Xcode.app/Contents/Developer/Platforms/iPhoneSimulator.platform/Developer/SDKs/iPhoneSimulator10.3.sdk '
ac_cv_env_CPPFLAGS_set=
ac_cv_env_CPPFLAGS_value=
ac_cv_env_CPP_set=set
ac_cv_env_CPP_value=/Applications/Xcode.app/Contents/Developer/Toolchains/XcodeDefault.xctoolchain/usr/bin/cpp
ac_cv_env_LDFLAGS_set=set
ac_cv_env_LDFLAGS_value='-arch x86_64 -isysroot /Applications/Xcode.app/Contents/Developer/Platforms/iPhoneSimulator.platform/Developer/SDKs/iPhoneSimulator10.3.sdk'
ac_cv_env_LIBS_set=
ac_cv_env_LIBS_value=
ac_cv_env_build_alias_set=
ac_cv_env_build_alias_value=
ac_cv_env_host_alias_set=set
ac_cv_env_host_alias_value=x86_64-apple-darwin
ac_cv_env_target_alias_set=
ac_cv_env_target_alias_value=
ac_cv_header_dlfcn_h=yes
ac_cv_header_inttypes_h=yes
ac_cv_header_jni_h=no
ac_cv_header_memory_h=yes
ac_cv_header_stdc=yes
ac_cv_header_stdint_h=yes
ac_cv_header_stdlib_h=yes
ac_cv_header_string_h=yes
ac_cv_header_strings_h=yes
ac_cv_header_sys_stat_h=yes
ac_cv_header_sys_types_h=yes
ac_cv_header_unistd_h=yes
ac_cv_host=x86_64-apple-darwin
ac_cv_lib_m_exp=yes
ac_cv_objext=o
ac_cv_path_EGREP='/usr/bin/grep -E'
ac_cv_path_FGREP='/usr/bin/grep -F'
ac_cv_path_GREP=/usr/bin/grep
ac_cv_path_SED=/usr/bin/sed
ac_cv_path_install='/usr/bin/install -c'
ac_cv_prog_AR=/Applications/Xcode.app/Contents/Developer/Toolchains/XcodeDefault.xctoolchain/usr/bin/ar
ac_cv_prog_AWK=awk
ac_cv_prog_CC=/Applications/Xcode.app/Contents/Developer/usr/bin/gcc
ac_cv_prog_CPP=/Applications/Xcode.app/Contents/Developer/Toolchains/XcodeDefault.xctoolchain/usr/bin/cpp
ac_cv_prog_RANLIB=/Applications/Xcode.app/Contents/Developer/Toolchains/XcodeDefault.xctoolchain/usr/bin/ranlib
ac_cv_prog_STRIP=strip
ac_cv_prog_ac_ct_DSYMUTIL=dsymutil
ac_cv_prog_ac_ct_LIPO=lipo
ac_cv_prog_ac_ct_NMEDIT=nmedit
ac_cv_prog_ac_ct_OBJDUMP=objdump
ac_cv_prog_ac_ct_OTOOL=otool
ac_cv_prog_ac_ct_STRIP=strip
ac_cv_prog_cc_c89=
ac_cv_prog_cc_g=yes
ac_cv_prog_make_make_set=yes
am_cv_CC_dependencies_compiler_type=gcc3
lt_cv_apple_cc_single_mod=yes
lt_cv_ar_at_file=no
lt_cv_deplibs_check_method=pass_all
lt_cv_file_magic_cmd='$MAGIC_CMD'
lt_cv_file_magic_test_file=
lt_cv_ld_exported_symbols_list=yes
lt_cv_ld_force_load=no
lt_cv_ld_reload_flag=-r
lt_cv_nm_interface='BSD nm'
lt_cv_objdir=.libs
lt_cv_path_LD=/Applications/Xcode.app/Contents/Developer/Toolchains/XcodeDefault.xctoolchain/usr/bin/ld
lt_cv_path_NM=/Applications/Xcode.app/Contents/Developer/Toolchains/XcodeDefault.xctoolchain/usr/bin/nm
lt_cv_path_mainfest_tool=no
lt_cv_prog_compiler_c_o=yes
lt_cv_prog_compiler_pic='-fno-common -DPIC'
lt_cv_prog_compiler_pic_works=yes
lt_cv_prog_compiler_rtti_exceptions=yes
lt_cv_prog_compiler_static_works=no
lt_cv_prog_gnu_ld=no
lt_cv_sharedlib_from_linklib_cmd='printf %s\n'
lt_cv_sys_global_symbol_pipe='sed -n -e '\''s/^.*[	 ]\([BCDEGRST][BCDEGRST]*\)[	 ][	 ]*_\([_A-Za-z][_A-Za-z0-9]*\)$/\1 _\2 \2/p'\'' | sed '\''/ __gnu_lto/d'\'''
lt_cv_sys_global_symbol_to_c_name_address='sed -n -e '\''s/^: \([^ ]*\)[ ]*$/  {\"\1\", (void *) 0},/p'\'' -e '\''s/^[BCDEGRST]* \([^ ]*\) \([^ ]*\)$/  {"\2", (void *) \&\2},/p'\'''
lt_cv_sys_global_symbol_to_c_name_address_lib_prefix='sed -n -e '\''s/^: \([^ ]*\)[ ]*$/  {\"\1\", (void *) 0},/p'\'' -e '\''s/^[BCDEGRST]* \([^ ]*\) \(lib[^ ]*\)$/  {"\2", (void *) \&\2},/p'\'' -e '\''s/^[BCDEGRST]* \([^ ]*\) \([^ ]*\)$/  {"lib\2", (void *) \&\2},/p'\'''
lt_cv_sys_global_symbol_to_cdecl='sed -n -e '\''s/^T .* \(.*\)$/extern int \1();/p'\'' -e '\''s/^[BCDEGRST]* .* \(.*\)$/extern char \1;/p'\'''
lt_cv_sys_max_cmd_len=196608
lt_cv_to_host_file_cmd=func_convert_file_noop
lt_cv_to_tool_file_cmd=func_convert_file_noop

## ----------------- ##
## Output variables. ##
## ----------------- ##

ACLOCAL='${SHELL} /Users/venkata/whard22/proj-4.8.0/missing --run aclocal-1.11'
AMDEPBACKSLASH='\'
AMDEP_FALSE='#'
AMDEP_TRUE=''
AMTAR='${SHELL} /Users/venkata/whard22/proj-4.8.0/missing --run tar'
AR='/Applications/Xcode.app/Contents/Developer/Toolchains/XcodeDefault.xctoolchain/usr/bin/ar'
AUTOCONF='${SHELL} /Users/venkata/whard22/proj-4.8.0/missing --run autoconf'
AUTOHEADER='${SHELL} /Users/venkata/whard22/proj-4.8.0/missing --run autoheader'
AUTOMAKE='${SHELL} /Users/venkata/whard22/proj-4.8.0/missing --run automake-1.11'
AWK='awk'
CC='/Applications/Xcode.app/Contents/Developer/usr/bin/gcc'
CCDEPMODE='depmode=gcc3'
CFLAGS='-Wno-error=implicit-function-declaration -arch x86_64 -pipe -Os -gdwarf-2 -isysroot /Applications/Xcode.app/Contents/Developer/Platforms/iPhoneSimulator.platform/Developer/SDKs/iPhoneSimulator10.3.sdk '
CPP='/Applications/Xcode.app/Contents/Developer/Toolchains/XcodeDefault.xctoolchain/usr/bin/cpp'
CPPFLAGS=''
CYGPATH_W='echo'
DEFS='-DHAVE_CONFIG_H'
DEPDIR='.deps'
DLLTOOL='false'
DSYMUTIL='dsymutil'
DUMPBIN=''
ECHO_C='\c'
ECHO_N=''
ECHO_T=''
EGREP='/usr/bin/grep -E'
EXEEXT=''
FGREP='/usr/bin/grep -F'
GREP='/usr/bin/grep'
INSTALL_DATA='${INSTALL} -m 644'
INSTALL_PROGRAM='${INSTALL}'
INSTALL_SCRIPT='${INSTALL}'
INSTALL_STRIP_PROGRAM='$(install_sh) -c -s'
JNI_INCLUDE=''
LD='/Applications/Xcode.app/Contents/Developer/Toolchains/XcodeDefault.xctoolchain/usr/bin/ld'
LDFLAGS='-arch x86_64 -isysroot /Applications/Xcode.app/Contents/Developer/Platforms/iPhoneSimulator.platform/Developer/SDKs/iPhoneSimulator10.3.sdk'
LIBOBJS=''
LIBS='-lm '
LIBTOOL='$(SHELL) $(top_builddir)/libtool'
LIPO='lipo'
LN_S='ln -s'
LTLIBOBJS=''
MAINT='#'
MAINTAINER_MODE_FALSE=''
MAINTAINER_MODE_TRUE='#'
MAKEINFO='${SHELL} /Users/venkata/whard22/proj-4.8.0/missing --run makeinfo'
MANIFEST_TOOL=':'
MKDIR_P='./install-sh -c -d'
MUTEX_SETTING='pthread'
NM='/Applications/Xcode.app/Contents/Developer/Toolchains/XcodeDefault.xctoolchain/usr/bin/nm'
NMEDIT='nmedit'
OBJDUMP='objdump'
OBJEXT='o'
OTOOL64=':'
OTOOL='otool'
PACKAGE='proj'
PACKAGE_BUGREPORT='warmerdam@pobox.com'
PACKAGE_NAME='PROJ.4 Projections'
PACKAGE_STRING='PROJ.4 Projections 4.8.0'
PACKAGE_TARNAME='proj'
PACKAGE_URL=''
PACKAGE_VERSION='4.8.0'
PATH_SEPARATOR=':'
RANLIB='/Applications/Xcode.app/Contents/Developer/Toolchains/XcodeDefault.xctoolchain/usr/bin/ranlib'
SED='/usr/bin/sed'
SET_MAKE=''
SHELL='/bin/sh'
STRIP='strip'
VERSION='4.8.0'
ac_ct_AR=''
ac_ct_CC=''
ac_ct_DUMPBIN=''
am__EXEEXT_FALSE=''
am__EXEEXT_TRUE='#'
am__fastdepCC_FALSE='#'
am__fastdepCC_TRUE=''
am__include='include'
am__isrc=''
am__leading_dot='.'
am__quote=''
am__tar='${AMTAR} chof - "$$tardir"'
am__untar='${AMTAR} xf -'
bindir='${exec_prefix}/bin'
build='i386-apple-darwin16.5.0'
build_alias=''
build_cpu='i386'
build_os='darwin16.5.0'
build_vendor='apple'
datadir='${datarootdir}'
datarootdir='${prefix}/share'
docdir='${datarootdir}/doc/${PACKAGE_TARNAME}'
dvidir='${docdir}'
exec_prefix='${prefix}'
host='x86_64-apple-darwin'
host_alias='x86_64-apple-darwin'
host_cpu='x86_64'
host_os='darwin'
host_vendor='apple'
htmldir='${docdir}'
includedir='${prefix}/include'
infodir='${datarootdir}/info'
install_sh='${SHELL} /Users/venkata/whard22/proj-4.8.0/install-sh'
libdir='${exec_prefix}/lib'
libexecdir='${exec_prefix}/libexec'
localedir='${datarootdir}/locale'
localstatedir='${prefix}/var'
mandir='${datarootdir}/man'
mkdir_p='$(top_builddir)/./install-sh -c -d'
oldincludedir='/usr/include'
pdfdir='${docdir}'
prefix='/Users/venkata/whard22/proj4/x86_64'
program_transform_name='s,x,x,'
psdir='${docdir}'
sbindir='${exec_prefix}/sbin'
sharedstatedir='${prefix}/com'
sysconfdir='${prefix}/etc'
target_alias=''

## ----------- ##
## confdefs.h. ##
## ----------- ##

/* confdefs.h */
#define PACKAGE_NAME "PROJ.4 Projections"
#define PACKAGE_TARNAME "proj"
#define PACKAGE_VERSION "4.8.0"
#define PACKAGE_STRING "PROJ.4 Projections 4.8.0"
#define PACKAGE_BUGREPORT "warmerdam@pobox.com"
#define PACKAGE_URL ""
#define PACKAGE "proj"
#define VERSION "4.8.0"
#define STDC_HEADERS 1
#define HAVE_SYS_TYPES_H 1
#define HAVE_SYS_STAT_H 1
#define HAVE_STDLIB_H 1
#define HAVE_STRING_H 1
#define HAVE_MEMORY_H 1
#define HAVE_STRINGS_H 1
#define HAVE_INTTYPES_H 1
#define HAVE_STDINT_H 1
#define HAVE_UNISTD_H 1
#define HAVE_DLFCN_H 1
#define LT_OBJDIR ".libs/"
#define HAVE_LIBM 1
#define STDC_HEADERS 1

configure: exit 0
